<?xml version="1.0" encoding="UTF-8"?>
<testng-results ignored="0" total="1" passed="1" failed="0" skipped="0">
  <reporter-output>
  </reporter-output>
  <suite started-at="2022-02-25T16:33:44 IST" name="Default suite" finished-at="2022-02-25T16:34:23 IST" duration-ms="39088">
    <groups>
    </groups>
    <test started-at="2022-02-25T16:33:44 IST" name="Default test" finished-at="2022-02-25T16:34:23 IST" duration-ms="39088">
      <class name="SearchProduct">
        <test-method is-config="true" signature="openBrowser()[pri:0, instance:SearchProduct@57af006c]" started-at="2022-02-25T16:33:32 IST" name="openBrowser" finished-at="2022-02-25T16:33:44 IST" duration-ms="12308" status="PASS">
          <reporter-output>
          </reporter-output>
        </test-method> <!-- openBrowser -->
        <test-method signature="TC01()[pri:0, instance:SearchProduct@57af006c]" started-at="2022-02-25T16:33:44 IST" name="TC01" finished-at="2022-02-25T16:34:23 IST" duration-ms="38964" status="PASS">
          <reporter-output>
          </reporter-output>
        </test-method> <!-- TC01 -->
      </class> <!-- SearchProduct -->
    </test> <!-- Default test -->
  </suite> <!-- Default suite -->
</testng-results>
